[    0.000000] Initializing cgroup subsys cpuset
[    0.000000] Initializing cgroup subsys cpu
[    0.000000] Initializing cgroup subsys cpuacct
[    0.000000] Linux version 4.4.0-169-generic (buildd@lgw01-amd64-038) (gcc version 5.4.0 20160609 (Ubuntu 5.4.0-6ubuntu1~16.04.12) ) #198-Ubuntu SMP Tue Nov 12 10:38:00 UTC 2019 (Ubuntu 4.4.0-169.198-generic 4.4.197)
[    0.000000] Command line: BOOT_IMAGE=/boot/vmlinuz-4.4.0-169-generic root=LABEL=cloudimg-rootfs ro console=tty1 console=ttyS0
[    0.000000] KERNEL supported cpus:
[    0.000000]   Intel GenuineIntel
[    0.000000]   AMD AuthenticAMD
[    0.000000]   Centaur CentaurHauls
[    0.000000] x86/fpu: xstate_offset[2]:  576, xstate_sizes[2]:  256
[    0.000000] x86/fpu: Supporting XSAVE feature 0x01: 'x87 floating point registers'
[    0.000000] x86/fpu: Supporting XSAVE feature 0x02: 'SSE registers'
[    0.000000] x86/fpu: Supporting XSAVE feature 0x04: 'AVX registers'
[    0.000000] x86/fpu: Enabled xstate features 0x7, context size is 832 bytes, using 'standard' format.
[    0.000000] e820: BIOS-provided physical RAM map:
[    0.000000] BIOS-e820: [mem 0x0000000000000000-0x000000000009fbff] usable
[    0.000000] BIOS-e820: [mem 0x000000000009fc00-0x000000000009ffff] reserved
[    0.000000] BIOS-e820: [mem 0x00000000000f0000-0x00000000000fffff] reserved
[    0.000000] BIOS-e820: [mem 0x0000000000100000-0x000000003ffeffff] usable
[    0.000000] BIOS-e820: [mem 0x000000003fff0000-0x000000003fffffff] ACPI data
[    0.000000] BIOS-e820: [mem 0x00000000fec00000-0x00000000fec00fff] reserved
[    0.000000] BIOS-e820: [mem 0x00000000fee00000-0x00000000fee00fff] reserved
[    0.000000] BIOS-e820: [mem 0x00000000fffc0000-0x00000000ffffffff] reserved
[    0.000000] NX (Execute Disable) protection: active
[    0.000000] SMBIOS 2.5 present.
[    0.000000] Hypervisor detected: KVM
[    0.000000] e820: last_pfn = 0x3fff0 max_arch_pfn = 0x400000000
[    0.000000] MTRR: Disabled
[    0.000000] x86/PAT: MTRRs disabled, skipping PAT initialization too.
[    0.000000] CPU MTRRs all blank - virtualized system.
[    0.000000] x86/PAT: Configuration [0-7]: WB  WT  UC- UC  WB  WT  UC- UC  
[    0.000000] found SMP MP-table at [mem 0x0009fff0-0x0009ffff] mapped at [ffff88000009fff0]
[    0.000000] Scanning 1 areas for low memory corruption
[    0.000000] RAMDISK: [mem 0x362f2000-0x37170fff]
[    0.000000] ACPI: Early table checksum verification disabled
[    0.000000] ACPI: RSDP 0x00000000000E0000 000024 (v02 VBOX  )
[    0.000000] ACPI: XSDT 0x000000003FFF0030 00003C (v01 VBOX   VBOXXSDT 00000001 ASL  00000061)
[    0.000000] ACPI: FACP 0x000000003FFF00F0 0000F4 (v04 VBOX   VBOXFACP 00000001 ASL  00000061)
[    0.000000] ACPI: DSDT 0x000000003FFF0470 0022EA (v02 VBOX   VBOXBIOS 00000002 INTL 20100528)
[    0.000000] ACPI: FACS 0x000000003FFF0200 000040
[    0.000000] ACPI: FACS 0x000000003FFF0200 000040
[    0.000000] ACPI: APIC 0x000000003FFF0240 00005C (v02 VBOX   VBOXAPIC 00000001 ASL  00000061)
[    0.000000] ACPI: SSDT 0x000000003FFF02A0 0001CC (v01 VBOX   VBOXCPUT 00000002 INTL 20100528)
[    0.000000] No NUMA configuration found
[    0.000000] Faking a node at [mem 0x0000000000000000-0x000000003ffeffff]
[    0.000000] NODE_DATA(0) allocated [mem 0x3ffeb000-0x3ffeffff]
[    0.000000] kvm-clock: Using msrs 4b564d01 and 4b564d00
[    0.000000] kvm-clock: cpu 0, msr 0:3ffe3001, primary cpu clock
[    0.000000] kvm-clock: using sched offset of 3409209712 cycles
[    0.000000] clocksource: kvm-clock: mask: 0xffffffffffffffff max_cycles: 0x1cd42e4dffb, max_idle_ns: 881590591483 ns
[    0.000000] Zone ranges:
[    0.000000]   DMA      [mem 0x0000000000001000-0x0000000000ffffff]
[    0.000000]   DMA32    [mem 0x0000000001000000-0x000000003ffeffff]
[    0.000000]   Normal   empty
[    0.000000]   Device   empty
[    0.000000] Movable zone start for each node
[    0.000000] Early memory node ranges
[    0.000000]   node   0: [mem 0x0000000000001000-0x000000000009efff]
[    0.000000]   node   0: [mem 0x0000000000100000-0x000000003ffeffff]
[    0.000000] Initmem setup node 0 [mem 0x0000000000001000-0x000000003ffeffff]
[    0.000000] ACPI: PM-Timer IO Port: 0x4008
[    0.000000] IOAPIC[0]: apic_id 2, version 32, address 0xfec00000, GSI 0-23
[    0.000000] ACPI: INT_SRC_OVR (bus 0 bus_irq 0 global_irq 2 dfl dfl)
[    0.000000] ACPI: INT_SRC_OVR (bus 0 bus_irq 9 global_irq 9 low level)
[    0.000000] Using ACPI (MADT) for SMP configuration information
[    0.000000] smpboot: Allowing 2 CPUs, 0 hotplug CPUs
[    0.000000] PM: Registered nosave memory: [mem 0x00000000-0x00000fff]
[    0.000000] PM: Registered nosave memory: [mem 0x0009f000-0x0009ffff]
[    0.000000] PM: Registered nosave memory: [mem 0x000a0000-0x000effff]
[    0.000000] PM: Registered nosave memory: [mem 0x000f0000-0x000fffff]
[    0.000000] e820: [mem 0x40000000-0xfebfffff] available for PCI devices
[    0.000000] Booting paravirtualized kernel on KVM
[    0.000000] clocksource: refined-jiffies: mask: 0xffffffff max_cycles: 0xffffffff, max_idle_ns: 7645519600211568 ns
[    0.000000] setup_percpu: NR_CPUS:512 nr_cpumask_bits:512 nr_cpu_ids:2 nr_node_ids:1
[    0.000000] PERCPU: Embedded 33 pages/cpu @ffff88003fc00000 s95448 r8192 d31528 u1048576
[    0.000000] Built 1 zonelists in Node order, mobility grouping on.  Total pages: 257912
[    0.000000] Policy zone: DMA32
[    0.000000] Kernel command line: BOOT_IMAGE=/boot/vmlinuz-4.4.0-169-generic root=LABEL=cloudimg-rootfs ro console=tty1 console=ttyS0
[    0.000000] PID hash table entries: 4096 (order: 3, 32768 bytes)
[    0.000000] Memory: 997712K/1048120K available (8623K kernel code, 1336K rwdata, 4036K rodata, 1488K init, 1288K bss, 50408K reserved, 0K cma-reserved)
[    0.000000] SLUB: HWalign=64, Order=0-3, MinObjects=0, CPUs=2, Nodes=1
[    0.000000] Kernel/User page tables isolation: enabled
[    0.000000] Hierarchical RCU implementation.
[    0.000000] 	Build-time adjustment of leaf fanout to 64.
[    0.000000] 	RCU restricting CPUs from NR_CPUS=512 to nr_cpu_ids=2.
[    0.000000] RCU: Adjusting geometry for rcu_fanout_leaf=64, nr_cpu_ids=2
[    0.000000] NR_IRQS:33024 nr_irqs:440 16
[    0.000000] Console: colour VGA+ 80x25
[    0.000000] console [tty1] enabled
[    0.000000] console [ttyS0] enabled
[    0.000000] tsc: Detected 2693.764 MHz processor
[    0.133119] Calibrating delay loop (skipped) preset value.. 5387.52 BogoMIPS (lpj=10775056)
[    0.134709] pid_max: default: 32768 minimum: 301
[    0.135564] ACPI: Core revision 20150930
[    0.137133] ACPI: 2 ACPI AML tables successfully acquired and loaded
[    0.138378] Security Framework initialized
[    0.139162] Yama: becoming mindful.
[    0.139896] AppArmor: AppArmor initialized
[    0.140753] Dentry cache hash table entries: 131072 (order: 8, 1048576 bytes)
[    0.143460] Inode-cache hash table entries: 65536 (order: 7, 524288 bytes)
[    0.144881] Mount-cache hash table entries: 2048 (order: 2, 16384 bytes)
[    0.146341] Mountpoint-cache hash table entries: 2048 (order: 2, 16384 bytes)
[    0.147657] Initializing cgroup subsys io
[    0.148460] Initializing cgroup subsys memory
[    0.149276] Initializing cgroup subsys devices
[    0.150143] Initializing cgroup subsys freezer
[    0.150969] Initializing cgroup subsys net_cls
[    0.151790] Initializing cgroup subsys perf_event
[    0.152689] Initializing cgroup subsys net_prio
[    0.153527] Initializing cgroup subsys hugetlb
[    0.154353] Initializing cgroup subsys pids
[    0.156028] mce: CPU supports 0 MCE banks
[    0.156867] Last level iTLB entries: 4KB 1024, 2MB 1024, 4MB 1024
[    0.157913] Last level dTLB entries: 4KB 1024, 2MB 1024, 4MB 1024, 1GB 4
[    0.159040] Spectre V1 : Mitigation: usercopy/swapgs barriers and __user pointer sanitization
[    0.160603] Spectre V2 : Mitigation: Full generic retpoline
[    0.161579] Spectre V2 : Spectre v2 / SpectreRSB mitigation: Filling RSB on context switch
[    0.163092] Speculative Store Bypass: Vulnerable
[    0.164065] MDS: Mitigation: Clear CPU buffers
[    0.167504] Freeing SMP alternatives memory: 36K
[    0.174099] ftrace: allocating 32301 entries in 127 pages
[    0.231709] smpboot: APIC(0) Converting physical 0 to logical package 0
[    0.233126] smpboot: Max logical packages: 1
[    0.234275] x2apic enabled
[    0.235155] Switched APIC routing to physical x2apic.
[    0.237335] ..TIMER: vector=0x30 apic1=0 pin1=2 apic2=-1 pin2=-1
[    0.346903] smpboot: CPU0: Intel(R) Core(TM) i5-4570R CPU @ 2.70GHz (family: 0x6, model: 0x46, stepping: 0x1)
[    0.349479] Performance Events: unsupported p6 CPU model 70 no PMU driver, software events only.
[    0.362209] KVM setup paravirtual spinlock
[    0.363885] x86: Booting SMP configuration:
[    0.364819] .... node  #0, CPUs:      #1
[    0.365811] kvm-clock: cpu 1, msr 0:3ffe3041, secondary cpu clock
[    0.367650] mce: CPU supports 0 MCE banks
[    0.370314] x86: Booted up 1 node, 2 CPUs
[    0.371465] smpboot: Total of 2 processors activated (10775.05 BogoMIPS)
[    0.373163] devtmpfs: initialized
[    0.375152] evm: security.selinux
[    0.375927] evm: security.SMACK64
[    0.376670] evm: security.SMACK64EXEC
[    0.377478] evm: security.SMACK64TRANSMUTE
[    0.378366] evm: security.SMACK64MMAP
[    0.379297] evm: security.ima
[    0.380026] evm: security.capability
[    0.381040] clocksource: jiffies: mask: 0xffffffff max_cycles: 0xffffffff, max_idle_ns: 7645041785100000 ns
[    0.383341] futex hash table entries: 512 (order: 3, 32768 bytes)
[    0.384531] pinctrl core: initialized pinctrl subsystem
[    0.385592] RTC time:  9:38:03, date: 11/25/19
[    0.386583] NET: Registered protocol family 16
[    0.399972] cpuidle: using governor ladder
[    0.412342] cpuidle: using governor menu
[    0.413311] PCCT header not found.
[    0.414263] ACPI: bus type PCI registered
[    0.415328] acpiphp: ACPI Hot Plug PCI Controller Driver version: 0.5
[    0.416980] PCI: Using configuration type 1 for base access
[    0.432726] ACPI: Added _OSI(Module Device)
[    0.433798] ACPI: Added _OSI(Processor Device)
[    0.434968] ACPI: Added _OSI(3.0 _SCP Extensions)
[    0.436169] ACPI: Added _OSI(Processor Aggregator Device)
[    0.437912] ACPI: Executed 1 blocks of module-level executable AML code
[    0.440984] ACPI: Interpreter enabled
[    0.441719] ACPI: (supports S0 S5)
[    0.442406] ACPI: Using IOAPIC for interrupt routing
[    0.443525] PCI: Using host bridge windows from ACPI; if necessary, use "pci=nocrs" and report a bug
[    0.448962] ACPI: PCI Root Bridge [PCI0] (domain 0000 [bus 00-ff])
[    0.450240] acpi PNP0A03:00: _OSC: OS supports [ASPM ClockPM Segments MSI]
[    0.451936] acpi PNP0A03:00: _OSC: not requesting OS control; OS requires [ExtendedConfig ASPM ClockPM MSI]
[    0.454220] acpi PNP0A03:00: fail to add MMCONFIG information, can't access extended PCI configuration space under this bridge.
[    0.456645] PCI host bridge to bus 0000:00
[    0.457431] pci_bus 0000:00: root bus resource [io  0x0000-0x0cf7 window]
[    0.458570] pci_bus 0000:00: root bus resource [io  0x0d00-0xffff window]
[    0.459894] pci_bus 0000:00: root bus resource [mem 0x000a0000-0x000bffff window]
[    0.461333] pci_bus 0000:00: root bus resource [mem 0x40000000-0xfdffffff window]
[    0.462757] pci_bus 0000:00: root bus resource [bus 00-ff]
[    0.465648] pci 0000:00:01.1: legacy IDE quirk: reg 0x10: [io  0x01f0-0x01f7]
[    0.466882] pci 0000:00:01.1: legacy IDE quirk: reg 0x14: [io  0x03f6]
[    0.468093] pci 0000:00:01.1: legacy IDE quirk: reg 0x18: [io  0x0170-0x0177]
[    0.469281] pci 0000:00:01.1: legacy IDE quirk: reg 0x1c: [io  0x0376]
[    0.491879] pci 0000:00:07.0: quirk: [io  0x4000-0x403f] claimed by PIIX4 ACPI
[    0.493544] pci 0000:00:07.0: quirk: [io  0x4100-0x410f] claimed by PIIX4 SMB
[    0.502488] ACPI: PCI Interrupt Link [LNKA] (IRQs 5 9 10 *11)
[    0.504415] ACPI: PCI Interrupt Link [LNKB] (IRQs 5 9 *10 11)
[    0.506139] ACPI: PCI Interrupt Link [LNKC] (IRQs 5 *9 10 11)
[    0.507945] ACPI: PCI Interrupt Link [LNKD] (IRQs 5 9 10 *11)
[    0.509601] ACPI: Enabled 2 GPEs in block 00 to 07
[    0.511089] vgaarb: setting as boot device: PCI:0000:00:02.0
[    0.512163] vgaarb: device added: PCI:0000:00:02.0,decodes=io+mem,owns=io+mem,locks=none
[    0.513689] vgaarb: loaded
[    0.514285] vgaarb: bridge control possible 0000:00:02.0
[    0.515548] SCSI subsystem initialized
[    0.516450] ACPI: bus type USB registered
[    0.517259] usbcore: registered new interface driver usbfs
[    0.518259] usbcore: registered new interface driver hub
[    0.519252] usbcore: registered new device driver usb
[    0.520506] PCI: Using ACPI for IRQ routing
[    0.521594] NetLabel: Initializing
[    0.522352] NetLabel:  domain hash size = 128
[    0.523170] NetLabel:  protocols = UNLABELED CIPSOv4
[    0.525508] NetLabel:  unlabeled traffic allowed by default
[    0.526701] amd_nb: Cannot enumerate AMD northbridges
[    0.527913] clocksource: Switched to clocksource kvm-clock
[    0.536680] AppArmor: AppArmor Filesystem Enabled
[    0.537746] pnp: PnP ACPI init
[    0.539330] pnp: PnP ACPI: found 3 devices
[    0.549155] clocksource: acpi_pm: mask: 0xffffff max_cycles: 0xffffff, max_idle_ns: 2085701024 ns
[    0.551346] NET: Registered protocol family 2
[    0.552311] TCP established hash table entries: 8192 (order: 4, 65536 bytes)
[    0.553757] TCP bind hash table entries: 8192 (order: 5, 131072 bytes)
[    0.554969] TCP: Hash tables configured (established 8192 bind 8192)
[    0.556139] UDP hash table entries: 512 (order: 2, 16384 bytes)
[    0.557173] UDP-Lite hash table entries: 512 (order: 2, 16384 bytes)
[    0.558307] NET: Registered protocol family 1
[    0.559142] pci 0000:00:00.0: Limiting direct PCI/PCI transfers
[    0.560456] pci 0000:00:01.0: Activating ISA DMA hang workarounds
[    0.561640] Unpacking initramfs...
[    0.767117] Freeing initrd memory: 14844K
[    0.768257] clocksource: tsc: mask: 0xffffffffffffffff max_cycles: 0x26d43bb7f27, max_idle_ns: 440795270902 ns
[    0.770325] platform rtc_cmos: registered platform RTC device (no PNP device found)
[    0.772202] Scanning for low memory corruption every 60 seconds
[    0.774043] audit: initializing netlink subsys (disabled)
[    0.775241] audit: type=2000 audit(1574674688.696:1): initialized
[    0.776881] Initialise system trusted keyring
[    0.778099] HugeTLB registered 2 MB page size, pre-allocated 0 pages
[    0.780698] zbud: loaded
[    0.781736] VFS: Disk quotas dquot_6.6.0
[    0.782856] VFS: Dquot-cache hash table entries: 512 (order 0, 4096 bytes)
[    0.784487] squashfs: version 4.0 (2009/01/31) Phillip Lougher
[    0.786060] fuse init (API version 7.23)
[    0.787135] Key type big_key registered
[    0.788043] Allocating IMA MOK and blacklist keyrings.
[    0.790658] Key type asymmetric registered
[    0.791634] Asymmetric key parser 'x509' registered
[    0.792798] Block layer SCSI generic (bsg) driver version 0.4 loaded (major 249)
[    0.794613] io scheduler noop registered
[    0.795541] io scheduler deadline registered (default)
[    0.796737] io scheduler cfq registered
[    0.797740] pci_hotplug: PCI Hot Plug PCI Core version: 0.5
[    0.798982] pciehp: PCI Express Hot Plug Controller Driver version: 0.4
[    0.800659] ACPI: AC Adapter [AC] (on-line)
[    0.801648] input: Power Button as /devices/LNXSYSTM:00/LNXPWRBN:00/input/input0
[    0.803325] ACPI: Power Button [PWRF]
[    0.804241] input: Sleep Button as /devices/LNXSYSTM:00/LNXSLPBN:00/input/input1
[    0.805972] ACPI: Sleep Button [SLPF]
[    0.807112] GHES: HEST is not enabled!
[    0.808178] Serial: 8250/16550 driver, 32 ports, IRQ sharing enabled
[    0.829933] 00:02: ttyS0 at I/O 0x3f8 (irq = 4, base_baud  115200) is a 16550A
[    0.834439] Linux agpgart interface v0.103
[    0.836938] loop: module loaded
[    0.838210] scsi host0: ata_piix
[    0.839124] scsi host1: ata_piix
[    0.839930] ata1: PATA max UDMA/33 cmd 0x1f0 ctl 0x3f6 bmdma 0xd000 irq 14
[    0.841410] ata2: PATA max UDMA/33 cmd 0x170 ctl 0x376 bmdma 0xd008 irq 15
[    0.842836] libphy: Fixed MDIO Bus: probed
[    0.843818] tun: Universal TUN/TAP device driver, 1.6
[    0.845006] tun: (C) 1999-2004 Max Krasnyansky <maxk@qualcomm.com>
[    0.846522] PPP generic driver version 2.4.2
[    0.847661] ehci_hcd: USB 2.0 'Enhanced' Host Controller (EHCI) Driver
[    0.849060] ehci-pci: EHCI PCI platform driver
[    0.850109] ehci-platform: EHCI generic platform driver
[    0.851228] ohci_hcd: USB 1.1 'Open' Host Controller (OHCI) Driver
[    0.852597] ohci-pci: OHCI PCI platform driver
[    0.853582] ohci-platform: OHCI generic platform driver
[    0.854687] uhci_hcd: USB Universal Host Controller Interface driver
[    0.856085] i8042: PNP: PS/2 Controller [PNP0303:PS2K,PNP0f03:PS2M] at 0x60,0x64 irq 1,12
[    0.858391] serio: i8042 KBD port at 0x60,0x64 irq 1
[    0.859447] serio: i8042 AUX port at 0x60,0x64 irq 12
[    0.860813] mousedev: PS/2 mouse device common for all mice
[    0.862403] input: AT Translated Set 2 keyboard as /devices/platform/i8042/serio0/input/input2
[    0.864871] rtc_cmos rtc_cmos: rtc core: registered rtc_cmos as rtc0
[    0.866286] rtc_cmos rtc_cmos: alarms up to one day, 114 bytes nvram
[    0.867619] i2c /dev entries driver
[    0.868572] device-mapper: uevent: version 1.0.3
[    0.869691] device-mapper: ioctl: 4.34.0-ioctl (2015-10-28) initialised: dm-devel@redhat.com
[    0.871799] ledtrig-cpu: registered to indicate activity on CPUs
[    0.873310] NET: Registered protocol family 10
[    0.874594] NET: Registered protocol family 17
[    0.875576] Key type dns_resolver registered
[    0.877080] registered taskstats version 1
[    0.878005] Loading compiled-in X.509 certificates
[    0.879617] Loaded X.509 cert 'Build time autogenerated kernel key: ef3203c14e3994470d47ef6a7e15c1ade40f8e1e'
[    0.881768] zswap: loaded using pool lzo/zbud
[    0.884482] Key type trusted registered
[    0.888855] Key type encrypted registered
[    0.889690] AppArmor: AppArmor sha1 policy hashing enabled
[    0.890661] ima: No TPM chip found, activating TPM-bypass!
[    0.891632] ima: Allocated hash algorithm: sha1
[    0.892544] evm: HMAC attrs: 0x1
[    0.893533]   Magic number: 11:444:627
[    0.894348] rtc_cmos rtc_cmos: setting system clock to 2019-11-25 09:38:04 UTC (1574674684)
[    0.896298] BIOS EDD facility v0.16 2004-Jun-25, 0 devices found
[    0.897535] EDD information not available.
[    0.997079] Freeing unused kernel memory: 1488K
[    0.998114] Write protecting the kernel read-only data: 14336k
[    0.999709] Freeing unused kernel memory: 1604K
[    1.000866] Freeing unused kernel memory: 60K
Loading, please wait...
starting version 229
[    1.014055] random: systemd-udevd: uninitialized urandom read (16 bytes read, 2 bits of entropy available)
[    1.014914] random: udevadm: uninitialized urandom read (16 bytes read, 2 bits of entropy available)
[    1.014938] random: udevadm: uninitialized urandom read (16 bytes read, 2 bits of entropy available)
[    1.021511] random: systemd-udevd: uninitialized urandom read (16 bytes read, 2 bits of entropy available)
[    1.022212] random: udevadm: uninitialized urandom read (16 bytes read, 2 bits of entropy available)
[    1.022251] random: udevadm: uninitialized urandom read (16 bytes read, 2 bits of entropy available)
[    1.022370] random: udevadm: uninitialized urandom read (16 bytes read, 2 bits of entropy available)
[    1.022415] random: udevadm: uninitialized urandom read (16 bytes read, 2 bits of entropy available)
[    1.022457] random: udevadm: uninitialized urandom read (16 bytes read, 2 bits of entropy available)
[    1.022499] random: udevadm: uninitialized urandom read (16 bytes read, 2 bits of entropy available)
[    1.056987] e1000: Intel(R) PRO/1000 Network Driver - version 7.3.21-k8-NAPI
[    1.058428] e1000: Copyright (c) 1999-2006 Intel Corporation.
[    1.059761] Fusion MPT base driver 3.04.20
[    1.060767] Copyright (c) 1999-2008 LSI Corporation
[    1.065353] Fusion MPT SPI Host driver 3.04.20
[    1.082874] AVX2 version of gcm_enc/dec engaged.
[    1.083937] AES CTR mode by8 optimization enabled
[    1.275189] input: ImExPS/2 Generic Explorer Mouse as /devices/platform/i8042/serio1/input/input4
[    1.412373] e1000 0000:00:03.0 eth0: (PCI:33MHz:32-bit) 02:1a:6e:a3:7e:96
[    1.413900] e1000 0000:00:03.0 eth0: Intel(R) PRO/1000 Network Connection
[    1.760008] e1000 0000:00:08.0 eth1: (PCI:33MHz:32-bit) 08:00:27:4d:c3:00
[    1.761584] e1000 0000:00:08.0 eth1: Intel(R) PRO/1000 Network Connection
[    1.764534] e1000 0000:00:03.0 enp0s3: renamed from eth0
[    1.766510] mptbase: ioc0: Initiating bringup
[    1.776327] e1000 0000:00:08.0 enp0s8: renamed from eth1
[    1.846448] ioc0: LSI53C1030 A0: Capabilities={Initiator}
[    2.627909] scsi host2: ioc0: LSI53C1030 A0, FwRev=00000000h, Ports=1, MaxQ=256, IRQ=20
[    2.773117] scsi 2:0:0:0: Direct-Access     VBOX     HARDDISK         1.0  PQ: 0 ANSI: 5
[    2.775111] scsi target2:0:0: Beginning Domain Validation
[    2.778399] scsi target2:0:0: Domain Validation skipping write tests
[    2.779584] scsi target2:0:0: Ending Domain Validation
[    2.780756] scsi target2:0:0: asynchronous
[    2.782308] scsi 2:0:1:0: Direct-Access     VBOX     HARDDISK         1.0  PQ: 0 ANSI: 5
[    2.784151] scsi target2:0:1: Beginning Domain Validation
[    2.787512] scsi target2:0:1: Domain Validation skipping write tests
[    2.797889] scsi target2:0:1: Ending Domain Validation
[    2.799096] scsi target2:0:1: asynchronous
[    2.805435] sd 2:0:0:0: Attached scsi generic sg0 type 0
[    2.806766] sd 2:0:0:0: [sda] 20971520 512-byte logical blocks: (10.7 GB/10.0 GiB)
[    2.808532] sd 2:0:1:0: Attached scsi generic sg1 type 0
[    2.809709] sd 2:0:1:0: [sdb] 20480 512-byte logical blocks: (10.5 MB/10.0 MiB)
[    2.811329] sd 2:0:0:0: [sda] Write Protect is off
[    2.812443] sd 2:0:1:0: [sdb] Write Protect is off
[    2.813498] sd 2:0:0:0: [sda] Incomplete mode parameter data
[    2.814684] sd 2:0:0:0: [sda] Assuming drive cache: write through
[    2.816189] sd 2:0:1:0: [sdb] Incomplete mode parameter data
[    2.817343] sd 2:0:1:0: [sdb] Assuming drive cache: write through
[    2.833686]  sda: sda1
[    2.835592] sd 2:0:1:0: [sdb] Attached SCSI disk
[    2.836750] sd 2:0:0:0: [sda] Attached SCSI disk
Begin: Loading essential drivers ... [    4.157880] md: linear personality registered for level -1
[    4.161273] md: multipath personality registered for level -4
[    4.164623] md: raid0 personality registered for level 0
[    4.169333] md: raid1 personality registered for level 1
[    4.239951] raid6: sse2x1   gen()  9224 MB/s
[    4.309289] raid6: sse2x1   xor()  7839 MB/s
[    4.376655] raid6: sse2x2   gen() 12854 MB/s
[    4.449305] raid6: sse2x2   xor()  9200 MB/s
[    4.516308] raid6: sse2x4   gen() 14864 MB/s
[    4.584514] raid6: sse2x4   xor() 10063 MB/s
[    4.652063] raid6: avx2x1   gen() 19333 MB/s
[    4.720338] raid6: avx2x2   gen() 22949 MB/s
[    4.788426] raid6: avx2x4   gen() 26224 MB/s
[    4.789391] raid6: using algorithm avx2x4 gen() 26224 MB/s
[    4.790524] raid6: using avx2x2 recovery algorithm
[    4.793008] xor: automatically using best checksumming function:
[    4.832141]    avx       : 27571.000 MB/sec
[    4.834417] async_tx: api initialized (async)
[    4.845855] md: raid6 personality registered for level 6
[    4.847006] md: raid5 personality registered for level 5
[    4.848095] md: raid4 personality registered for level 4
[    4.856155] md: raid10 personality registered for level 10
done.
Begin: Running /scripts/init-premount ... done.
Begin: Mounting root file system ... Begin: Running /scripts/local-top ... done.
Begin: Running /scripts/local-premount ... [    4.884935] Btrfs loaded
Scanning for Btrfs filesystems
done.
Warning: fsck not present, so skipping root file system
[    4.949747] EXT4-fs (sda1): mounted filesystem with ordered data mode. Opts: (null)
done.
Begin: Running /scripts/local-bottom ... done.
Begin: Running /scripts/init-bottom ... done.
[    5.531644] systemd[1]: systemd 229 running in system mode. (+PAM +AUDIT +SELINUX +IMA +APPARMOR +SMACK +SYSVINIT +UTMP +LIBCRYPTSETUP +GCRYPT +GNUTLS +ACL +XZ -LZ4 +SECCOMP +BLKID +ELFUTILS +KMOD -IDN)
[    5.535757] systemd[1]: Detected virtualization oracle.
[    5.537040] systemd[1]: Detected architecture x86-64.

Welcome to [1mUbuntu 16.04.6 LTS[0m!

[    5.553562] systemd[1]: Set hostname to <ubuntu>.
[    5.598792] systemd[1]: Initializing machine ID from random generator.
[    5.600393] systemd[1]: Installed transient /etc/machine-id file.
[    6.214453] random: nonblocking pool is initialized
[    6.407758] systemd[1]: Listening on Device-mapper event daemon FIFOs.
[[0;32m  OK  [0m] Listening on Device-mapper event daemon FIFOs.
[    6.410567] systemd[1]: Created slice System Slice.
[[0;32m  OK  [0m] Created slice System Slice.
[    6.412479] systemd[1]: Listening on /dev/initctl Compatibility Named Pipe.
[[0;32m  OK  [0m] Listening on /dev/initctl Compatibility Named Pipe.
[    6.414823] systemd[1]: Reached target User and Group Name Lookups.
[[0;32m  OK  [0m] Reached target User and Group Name Lookups.
[    6.417304] systemd[1]: Listening on Journal Socket.
[[0;32m  OK  [0m] Listening on Journal Socket.
[    6.428633] systemd[1]: Mounting POSIX Message Queue File System...
         Mounting POSIX Message Queue File System...
[    6.436219] systemd[1]: Listening on udev Control Socket.
[[0;32m  OK  [0m] Listening on udev Control Socket.
[    6.438853] systemd[1]: Starting Remount Root and Kernel File Systems...
         Starting Remount Root and Kernel File Systems...
[    6.448919] systemd[1]: Mounting Huge Pages File System...
         Mounting Huge Pages File System...
[    6.456904] systemd[1]: Starting Create list of required static device nodes for the current kernel...
         Starting Create list of required st... nodes for the current kernel...
[    6.464586] systemd[1]: Listening on Syslog Socket.
[[0;32m  OK  [0m] Listening on Syslog Socket.
[    6.466682] systemd[1]: Created slice User and Session Slice.
[[0;32m  OK  [0m] Created slice User and Session Slice.
[    6.471344] EXT4-fs (sda1): re-mounted. Opts: (null)
[    6.480733] systemd[1]: Reached target Slices.
[[0;32m  OK  [0m] Reached target Slices.
[    6.482451] systemd[1]: Set up automount Arbitrary Executable File Formats File System Automount Point.
[[0;32m  OK  [0m] Set up automount Arbitrary Executab...ats File System Automount Point.
[    6.524368] systemd[1]: Starting Uncomplicated firewall...
         Starting Uncomplicated firewall...
[    6.533401] systemd[1]: Starting Nameserver information manager...
         Starting Nameserver information manager...
[    6.540835] systemd[1]: Started Trigger resolvconf update for networkd DNS.
[[0;32m  OK  [0m] Started Trigger resolvconf update for networkd DNS.
[    6.558347] systemd[1]: Starting Load Kernel Modules...
         Starting Load Kernel Modules...
[    6.560245] systemd[1]: Reached target System Time Synchronized.
[[0;32m  OK  [0m] Reached target System Time Synchronized.
[    6.562279] systemd[1]: Listening on Journal Audit Socket.
[[0;32m  OK  [0m] Listening on Journal Audit Socket.
[    6.564698] systemd[1]: Mounting Debug File System...
         Mounting Debug File System...
[    6.572274] systemd[1]: Listening on udev Kernel Socket.
[[0;32m  OK  [0m] Listening on udev Kernel Socket.
[    6.573980] systemd[1]: Started Forward Password Requests to Wall Directory Watch.
[[0;32m  OK  [0m] Started Forward Password Requests to Wall Directory Watch.
[    6.576509] systemd[1]: Reached target Swap.
[[0;32m  OK  [0m] Reached target Swap.
[    6.578015] systemd[1]: Listening on LVM2 metadata daemon socket.
[[0;32m  OK  [0m] Listening on LVM2 metadata daemon socket.
[    6.580517] systemd[1]: Starting Monitoring of LVM2 mirrors, snapshots etc. using dmeventd or progress polling...
         Starting Monitoring of LVM2 mirrors... dmeventd or progress polling...
[    6.593201] systemd[1]: Starting Set console keymap...
         Starting Set console keymap...
[    6.595756] systemd[1]: Created slice system-serial\x2dgetty.slice.
[[0;32m  OK  [0m] Created slice system-serial\x2dgetty.slice.
[    6.597733] systemd[1]: Reached target Encrypted Volumes.
[[0;32m  OK  [0m] Reached target Encrypted Volumes.
[    6.604271] systemd[1]: Listening on LVM2 poll daemon socket.
[[0;32m  OK  [0m] Listening on LVM2 poll daemon socket.
[    6.606703] systemd[1]: Listening on Journal Socket (/dev/log).
[[0;32m  OK  [0m] Listening on Journal Socket (/dev/log).
[    6.609447] systemd[1]: Starting Journal Service...
         Starting Journal Service...
[    6.618163] systemd[1]: Mounted POSIX Message Queue File System.
[[0;32m  OK  [0m] Mounted POSIX Message Queue File System.
[    6.620505] systemd[1]: Mounted Debug File System.
[[0;32m  OK  [0m] Mounted Debug File System.
[    6.622298] systemd[1]: Mounted Huge Pages File System.
[[0;32m  OK  [0m] Mounted Huge Pages File System.
[    6.633031] systemd[1]: Started Remount Root and Kernel File Systems.
[[0;32m  OK  [0m] Started Remount Root and Kernel File Systems.
[    6.635757] systemd[1]: Started Create list of required static device nodes for the current kernel.
[[0;32m  OK  [0m] Started Create list of required sta...ce nodes for the current kernel.
[    6.638892] systemd[1]: Started Uncomplicated firewall.
[[0;32m  OK  [0m] Started Uncomplicated firewall.
[    6.676250] systemd[1]: Starting Create Static Device Nodes in /dev...
         Starting Create Static Device Nodes in /dev...
[    6.717312] Loading iSCSI transport class v2.0-870.
[    6.796176] systemd[1]: Starting udev Coldplug all Devices...
         Starting udev Coldplug all Devices...
[    6.804919] systemd[1]: Starting Load/Save Random Seed...
         Starting Load/Save Random Seed...
[    6.813241] systemd[1]: Started Nameserver information manager.
[[0;32m  OK  [0m] Started Nameserver information manager.
[    6.885572] iscsi: registered transport (tcp)
[    6.896593] systemd[1]: Started LVM2 metadata daemon.
[[0;32m  OK  [0m] Started LVM2 metadata daemon.
[    6.902683] systemd[1]: Started Set console keymap.
[[0;32m  OK  [0m] Started Set console keymap.
[    6.964053] systemd[1]: Started udev Coldplug all Devices.
[[0;32m  OK  [0m] Started udev Coldplug all Devices.
[    7.047973] systemd[1]: Started Load/Save Random Seed.
[[0;32m  OK  [0m] Started Load/Save Random Seed.
[    7.058730] systemd[1]: Started Journal Service.
[[0;32m  OK  [0m] Started Journal Service.
         Starting Flush Journal to Persistent Storage...
[[0;32m  OK  [0m] Started Monitoring of LVM2 mirrors,...ng dmeventd or progress polling.
[    7.143472] systemd-journald[398]: Received request to flush runtime journal from PID 1
[    7.145623] iscsi: registered transport (iser)
[[0;32m  OK  [0m] Started Load Kernel Modules.
         Starting Apply Kernel Variables...
         Mounting FUSE Control File System...
[[0;32m  OK  [0m] Mounted FUSE Control File System.
[[0;32m  OK  [0m] Started Flush Journal to Persistent Storage.
[[0;32m  OK  [0m] Started Create Static Device Nodes in /dev.
         Starting udev Kernel Device Manager...
[[0;32m  OK  [0m] Reached target Local File Systems (Pre).
[[0;32m  OK  [0m] Reached target Local File Systems.
         Starting Commit a transient machine-id on disk...
         Starting Set console font and keymap...
         Starting LSB: AppArmor initialization...
         Starting Tell Plymouth To Write Out Runtime Data...
         Starting Create Volatile Files and Directories...
         Starting Initial cloud-init job (pre-networking)...
[[0;32m  OK  [0m] Started Apply Kernel Variables.
[[0;32m  OK  [0m] Started Commit a transient machine-id on disk.
[[0;32m  OK  [0m] Started Tell Plymouth To Write Out Runtime Data.
[[0;32m  OK  [0m] Started Create Volatile Files and Directories.
         Starting Update UTMP about System Boot/Shutdown...
[[0;32m  OK  [0m] Started Update UTMP about System Boot/Shutdown.
[[0;32m  OK  [0m] Started udev Kernel Device Manager.
[[0;32m  OK  [0m] Started Dispatch Password Requests to Console Directory Watch.
[[0;32m  OK  [0m] Found device /dev/ttyS0.
[[0;32m  OK  [0m] Listening on Load/Save RF Kill Switch Status /dev/rfkill Watch.
[[0;32m  OK  [0m] Started LSB: AppArmor initialization.
[[0;32m  OK  [0m] Started Set console font and keymap.
[[0;32m  OK  [0m] Created slice system-getty.slice.
[    9.773002] cloud-init[475]: Cloud-init v. 19.2-36-g059d049c-0ubuntu2~16.04.1 running 'init-local' at Mon, 25 Nov 2019 09:38:13 +0000. Up 9.46 seconds.
[[0;32m  OK  [0m] Started Initial cloud-init job (pre-networking).
[[0;32m  OK  [0m] Reached target Network (Pre).
         Starting Raise network interfaces...
[[0;32m  OK  [0m] Started Raise network interfaces.
         Starting Initial cloud-init job (metadata service crawler)...
[[0;32m  OK  [0m] Reached target Network.
[   11.635530] cloud-init[964]: Cloud-init v. 19.2-36-g059d049c-0ubuntu2~16.04.1 running 'init' at Mon, 25 Nov 2019 09:38:14 +0000. Up 10.37 seconds.
[   11.637176] cloud-init[964]: ci-info: ++++++++++++++++++++++++++++++++++++++Net device info+++++++++++++++++++++++++++++++++++++++
[   11.638527] cloud-init[964]: ci-info: +--------+-------+----------------------------+---------------+--------+-------------------+
[   11.639875] cloud-init[964]: ci-info: | Device |   Up  |          Address           |      Mask     | Scope  |     Hw-Address    |
[   11.641116] cloud-init[964]: ci-info: +--------+-------+----------------------------+---------------+--------+-------------------+
[   11.642329] cloud-init[964]: ci-info: | enp0s3 |  True |         10.0.2.15          | 255.255.255.0 | global | 02:1a:6e:a3:7e:96 |
[   11.643487] cloud-init[964]: ci-info: | enp0s3 |  True | fe80::1a:6eff:fea3:7e96/64 |       .       |  link  | 02:1a:6e:a3:7e:96 |
[   11.644878] cloud-init[964]: ci-info: | enp0s8 | False |             .              |       .       |   .    | 08:00:27:4d:c3:00 |
[   11.652462] cloud-init[964]: ci-info: |   lo   |  True |         127.0.0.1          |   255.0.0.0   |  host  |         .         |
[   11.653860] cloud-init[964]: ci-info: |   lo   |  True |          ::1/128           |       .       |  host  |         .         |
[   11.660390] cloud-init[964]: ci-info: +--------+-------+----------------------------+---------------+--------+-------------------+
[   11.661883] cloud-init[964]: ci-info: +++++++++++++++++++++++++++Route IPv4 info++++++++++++++++++++++++++++
[   11.663164] cloud-init[964]: ci-info: +-------+-------------+----------+---------------+-----------+-------+
[   11.672421] cloud-init[964]: ci-info: | Route | Destination | Gateway  |    Genmask    | Interface | Flags |
[   11.673720] cloud-init[964]: ci-info: +-------+-------------+----------+---------------+-----------+-------+
[   11.680356] cloud-init[964]: ci-info: |   0   |   0.0.0.0   | 10.0.2.2 |    0.0.0.0    |   enp0s3  |   UG  |
[   11.688352] cloud-init[964]: ci-info: |   1   |   10.0.2.0  | 0.0.0.0  | 255.255.255.0 |   enp0s3  |   U   |
[[0;32m  OK  [0m] Started Initial cloud-init job (metadata service crawler).
[   11.699331] cloud-init[964]: ci-info: +-------+-------------+----------+---------------+-----------+-------+[
[0;32m  OK  [0m] Reached target System Initialization.
[[0;32m  OK  [0m] Listening on D-Bus System Message Bus Socket.
[   11.701616] cloud-init[964]: ci-info: +++++++++++++++++++Route IPv6 info+++++++++++++++++++
[   11.709766] cloud-init[964]: ci-info: +-------+-------------+---------+-----------+-------+
[   11.710491] cloud-init[964]: ci-info: | Route | Destination | Gateway | Interface | Flags |
[   11.711214] cloud-init[964]: ci-info: +-------+-------------+---------+-----------+-------+
[   11.712039] cloud-init[964]: ci-info: |   0   |  fe80::/64  |    ::   |   enp0s3  |   U   |
[   11.712846] cloud-init[964]: ci-info: |   3   |   ff00::/8  |    ::   |   enp0s3  |   U   |
[   11.713676] cloud-init[964]: ci-info: +-------+-------------+---------+-----------+-------+
[   11.714971] cloud-init[964]: Generating public/private rsa key pair.
[   11.716029] cloud-init[964]: Your identification has been saved in /etc/ssh/ssh_host_rsa_key.
[   11.717351] cloud-init[964]: Your public key has been saved in /etc/ssh/ssh_host_rsa_key.pub.
[   11.718622] cloud-init[964]: The key fingerprint is:
[   11.719541] cloud-init[964]: SHA256:D9JG9TaiFaqJzD4fJXa7VRoSzToiPRMugkrlFD3Y0Ec root@ubuntu-xenial
[   11.728675] cloud-init[964]: The key's randomart image is:
[   11.729282] cloud-init[964]: +---[RSA 2048]----+
[   11.729819] cloud-init[964]: |   o* .E  o      |
[   11.730431] cloud-init[964]: |   ..= . = o     |
[   11.730958] cloud-init[964]: |   o  + + = +    |
[   11.731562] cloud-init[964]: | .+o + * = o .   |
[   11.740450] [[0;32m  OK  [0m] Started ACPI Events Check.
[[0;32m  OK  [0m] Reached target Paths.
cloud-init[964]: |....* % S . .    |
[   11.741588] cloud-init[964]: |o  o + X * +     |
[   11.742129] cloud-init[964]: |.   o . . +      |
[   11.742760] cloud-init[964]: |     o . o       |
[   11.743282] cloud-init[964]: |      . .        |
[   11.743993]          Starting LXD - unix socket.
[[0;32m  OK  [0m] Started Daily Cleanup of Temporary Directories.
[[0;32m  OK  [0m] Listening on UUID daemon activation socket.
[[0;32m  OK  [0m] Listening on ACPID Listen Socket.
[[0;32m  OK  [0m] Started Daily apt download activities.
cloud-init[964]: +----[SHA256]-----+
[[0;32m  OK  [0m] Started Daily apt upgrade and clean activities.
         Starting Socket activation for snappy daemon.
[[0;32m  OK  [0m] Started Message of the Day.
[[0;32m  OK  [0m] Reached target Timers.
[[0;32m  OK  [0m] Reached target Network is Online.
[   11.747738] cloud-init[964]: Generating public/private dsa key pair.
[   11.756753]          Starting iSCSI initiator daemon (iscsid)...
[[0;32m  OK  [0m] Reached target Cloud-config availability.
cloud-init[964]: Your identification has been saved in /etc/ssh/ssh_host_dsa_key.[[0;32m  OK  [0m] Listening on LXD - unix socket.
[[0;32m  OK  [0m] Listening on Socket activation for snappy daemon.

[[0;32m  OK  [0m] Reached target Sockets.
[   11.759723] [[0;32m  OK  [0m] Reached target Basic System.
cloud-init[[0;32m  OK  [0m] Started FUSE filesystem for LXC.
[964]: Your public key has been saved in /etc/ssh/ssh_host_dsa_key.pub.         Starting LXD - container startup/shutdown...

[   11.768557] [[0;32m  OK  [0m] Started D-Bus System Message Bus.
cloud-init[964]: The key fingerprint is:
[   11.776372] cloud-init[964]: SHA256:wvOnwzNQlp51eK9FKWlcoCPGWf8q5kdDoOyb4CIF8v4 root@ubuntu-xenial
[   11.784878] cloud-init[964]: The key's randomart image is:
[   11.793394] cloud-init[964]: +---[DSA 1024]----+
[   11.794117] cloud-init[964]: |          . ..   |
[   11.804422] cloud-init[964]: |       . o.o  .  |
[   11.805225] cloud-init[964]: |       .=oo+.o . |
[   11.806005] cloud-init[964]: |. .  . .*.o.O.o  |
[   11.813020] cloud-init[964]: | o .  +=So = +.  |
[   11.813877] cloud-init[964]: |  . . o++   o.o  |
[   11.822142] cloud-init[964]: | . . . +.o+..+   |
[   11.823077] cloud-init[964]: |  o . . B= .o    |
[   11.828290] cloud-init[964]: |   oE.  .+..     |
[   11.836696] cloud-init[964]: +----[SHA256]-----+
[   11.837707] cloud-init[964]: Generating public/private ecdsa key pair.
[   11.838513] cloud-init[964]: Your identification has been saved in /etc/ssh/ssh_host_ecdsa_key.
[   11.839536] cloud-init[964]: Your public key has been saved in /etc/ssh/ssh_host_ecdsa_key.pub.
[   11.840546] cloud-init[964]: The key fingerprint is:
[   11.841223] cloud-init[964]: SHA256:YbJObWS3mbC3WUbv20hT/zXexGItPtJdIgwR4CJp88Y root@ubuntu-xenial
[   11.848259] cloud-init[964]: The key's randomart image is:
[   11.856679] cloud-init[964]: +---[ECDSA 256]---+
[   11.864311] cloud-init[964]: |        ....     |
[   11.864862] cloud-init[964]: |     . .  .      |
[   11.865448] cloud-init[964]: |    = o B ...    |
[   11.866094] cloud-init[964]: |   . = O =.= .   |
[   11.872912] cloud-init[964]: |      E S =oo . .|
[   11.880456] cloud-init[964]: |     + . . =o..+o|
[   11.881086] cloud-init[964]: |      .   o  oB+B|
[   11.881682] cloud-init[964]: |            .++O*|
[   11.882316] cloud-init[964]: |             .+o+|
[   11.888461] cloud-init[964]: +----[SHA256]-----+
[   11.889687] cloud-init[964]: Generating public/private ed25519 key pair.
[   11.890684] cloud-init[964]: Your identification has been saved in /etc/ssh/ssh_host_ed25519_key.
[   11.891518] cloud-init[964]: Your public key has been saved in /etc/ssh/ssh_host_ed25519_key.pub.
[   11.892491] cloud-init[964]: The key fingerprint is:
[   11.893060] cloud-init[964]: SHA256:4TDvI1TbM0pGl43Wqphap4XUymxLppr2/BNHIYa58IE root@ubuntu-xenial
[   11.903261] cloud-init[964]: The key's randomart image is:
[   11.904029] cloud-init[964]: +--[ED25519 256]--+
[   11.916892] cloud-init[964]: |   . o           |
[   11.917660] cloud-init[964]: |  E + o .  =     |
[   11.929055] cloud-init[964]: |   o +o.+.= o    |
[   11.936267] cloud-init[964]: |    o  O.* .     |
[   11.936870] cloud-init[964]: |      o.S =      |
[   11.944446] cloud-init[964]: |     =.O.o o     |
[   11.944993] cloud-init[964]: |      &oB        |
[   11.946002] cloud-init[964]: |  .o B.* .       |
[   11.948423] cloud-init[964]: | .oo=.+.         |
[   11.950602] cloud-init[964]: +----[SHA256]-----+
         Starting Snappy daemon...
         Starting LSB: Record successful boot for GRUB...
         Starting Accounts Service...
[[0;32m  OK  [0m] Started ACPI event daemon.
[[0;32m  OK  [0m] Started Deferred execution scheduler.
         Starting Pollinate to seed the pseudo random number generator...
         Starting Login Service...
         Starting Virtualbox guest utils...
[[0;32m  OK  [0m] Started Regular background program processing daemon.
         Starting /etc/rc.local Compatibility...
         Starting System Logging Service...
         Starting LSB: MD monitoring daemon...
[[0;32m  OK  [0m] Started /etc/rc.local Compatibility.
[[0;32m  OK  [0m] Started Login Service.
[[0;32m  OK  [0m] Started Unattended Upgrades Shutdown.
[[0;32m  OK  [0m] Started iSCSI initiator daemon (iscsid).
         Starting Login to default iSCSI targets...
[[0;32m  OK  [0m] Started LSB: Record successful boot for GRUB.
[[0;32m  OK  [0m] Started LSB: MD monitoring daemon.
[[0;32m  OK  [0m] Started System Logging Service.
[[0;32m  OK  [0m] Started Login to default iSCSI targets.
[[0;32m  OK  [0m] Reached target Remote File Systems (Pre).
[[0;32m  OK  [0m] Reached target Remote File Systems.
         Starting LSB: automatic crash report generation...
         Starting LSB: Set the CPU Frequency Scaling governor to "ondemand"...
         Starting LSB: daemon to balance interrupts for SMP systems...
         Starting Permit User Sessions...
[[0;32m  OK  [0m] Started LSB: Set the CPU Frequency Scaling governor to "ondemand".
[[0;32m  OK  [0m] Started Permit User Sessions.
         Starting Hold until boot process finishes up...
         Starting Terminate Plymouth Boot Screen...
[[0;32m  OK  [0m] Started Hold until boot process finishes up.
[[0;32m  OK  [0m] Started LSB: daemon to balance interrupts for SMP systems.
[[0;32m  OK  [0m] Started Terminate Plymouth Boot Screen.
[[0;32m  OK  [0m] Started Virtualbox guest utils.
[[0;32m  OK  [0m] Started LXD - container startup/shutdown.
[[0;32m  OK  [0m] Started Getty on tty1.
[[0;32m  OK  [0m] Started Serial Getty on ttyS0.
[[0;32m  OK  [0m] Reached target Login Prompts.
         Starting Set console scheme...
[[0;32m  OK  [0m] Started LSB: automatic crash report generation.
         Starting Authenticate and Authorize Users to Run Privileged Tasks...
[[0;32m  OK  [0m] Started Set console scheme.
[[0;32m  OK  [0m] Started Authenticate and Authorize Users to Run Privileged Tasks.
[[0;32m  OK  [0m] Started Accounts Service.
[[0;32m  OK  [0m] Started Snappy daemon.
[[0;32m  OK  [0m] Started Pollinate to seed the pseudo random number generator.
         Starting OpenBSD Secure Shell server...
         Starting Wait until snapd is fully seeded...
[[0;32m  OK  [0m] Started OpenBSD Secure Shell server.
[[0;32m  OK  [0m] Created slice User Slice of vagrant.
         Starting User Manager for UID 1000...
[[0;32m  OK  [0m] Started Session 1 of user vagrant.
[[0;32m  OK  [0m] Started User Manager for UID 1000.
[[0;32m  OK  [0m] Started Wait until snapd is fully seeded.
         Starting Apply the settings specified in cloud-config...
[[0;32m  OK  [0m] Reached target Multi-User System.
[[0;32m  OK  [0m] Reached target Graphical Interface.
         Starting Update UTMP about System Runlevel Changes...
[[0;32m  OK  [0m] Started Update UTMP about System Runlevel Changes.
[   15.298159] cloud-init[1421]: Generating locales (this might take a while)...
         Stopping User Manager for UID 1000...
[[0;32m  OK  [0m] Stopped User Manager for UID 1000.
[[0;32m  OK  [0m] Removed slice User Slice of vagrant.
[[0;32m  OK  [0m] Created slice User Slice of vagrant.
         Starting User Manager for UID 1000...
[[0;32m  OK  [0m] Started Session 2 of user vagrant.
[[0;32m  OK  [0m] Started User Manager for UID 1000.
[   16.185601] cloud-init[1421]:   en_US.UTF-8... done
[   16.192878] cloud-init[1421]: Generation complete.
[   16.953842] cloud-init[1421]: Cloud-init v. 19.2-36-g059d049c-0ubuntu2~16.04.1 running 'modules:config' at Mon, 25 Nov 2019 09:38:18 +0000. Up 15.14 seconds.
[[0;32m  OK  [0m] Started Apply the settings specified in cloud-config.
         Starting Execute cloud user/final scripts...
ci-info: no authorized ssh keys fingerprints found for user ubuntu.
<14>Nov 25 09:38:21 ec2: 
<14>Nov 25 09:38:21 ec2: #############################################################
<14>Nov 25 09:38:21 ec2: -----BEGIN SSH HOST KEY FINGERPRINTS-----
<14>Nov 25 09:38:21 ec2: 1024 SHA256:wvOnwzNQlp51eK9FKWlcoCPGWf8q5kdDoOyb4CIF8v4 root@ubuntu-xenial (DSA)
<14>Nov 25 09:38:21 ec2: 256 SHA256:YbJObWS3mbC3WUbv20hT/zXexGItPtJdIgwR4CJp88Y root@ubuntu-xenial (ECDSA)
<14>Nov 25 09:38:21 ec2: 256 SHA256:4TDvI1TbM0pGl43Wqphap4XUymxLppr2/BNHIYa58IE root@ubuntu-xenial (ED25519)
<14>Nov 25 09:38:21 ec2: 2048 SHA256:D9JG9TaiFaqJzD4fJXa7VRoSzToiPRMugkrlFD3Y0Ec root@ubuntu-xenial (RSA)
<14>Nov 25 09:38:21 ec2: -----END SSH HOST KEY FINGERPRINTS-----
<14>Nov 25 09:38:21 ec2: #############################################################
-----BEGIN SSH HOST KEY KEYS-----
ecdsa-sha2-nistp256 AAAAE2VjZHNhLXNoYTItbmlzdHAyNTYAAAAIbmlzdHAyNTYAAABBBGt6uXKQZ+MWrefIP8NwQfHc56ErJ3ddMQl5LAx6PGqTBLAxwDkFHY9QNnHmWvvGJnhb+Fc8OkMvEjOB32lSlEo= root@ubuntu-xenial
ssh-ed25519 AAAAC3NzaC1lZDI1NTE5AAAAIOmKP76NeAXVUlA4A1T1GnlD0FkVBPfsPRSeOM5JJ+dG root@ubuntu-xenial
ssh-rsa AAAAB3NzaC1yc2EAAAADAQABAAABAQClMiHsRkqzupUNDGSXI/3JNCjmbV2GoX50mXNnsc34J5YA5LIS+GE4amMAvuCaBF2zvOJ4jybsHe1mWwGS3T4QpXx0un50+3LwFGhzvrjKi1rP8RIGyx9k4s7/gbIeRUYobEhemwSBACtkGj5bWiYekBstuU8jO/+f7MRj1H+NaqSR0VwhgqGAHRtFtydHfD2xdZAkGqS1mLT1RhdRscTKv12axv2SFzYHVGbHU+XoVO+95T/EW6Bs1l5slHjj5PH+z+ixyCJOuQ8PN+/mGpZl4ZqN7x6JeG/bp18+nAs812wzQmhmbnjV6Br/NysTpPc11ckosoEK2hEZ+2TH0d07 root@ubuntu-xenial
-----END SSH HOST KEY KEYS-----
[   17.402641] cloud-init[1705]: Cloud-init v. 19.2-36-g059d049c-0ubuntu2~16.04.1 running 'modules:final' at Mon, 25 Nov 2019 09:38:21 +0000. Up 17.26 seconds.
[   17.404396] cloud-init[1705]: ci-info: no authorized ssh keys fingerprints found for user ubuntu.
[   17.412463] cloud-init[1705]: Cloud-init v. 19.2-36-g059d049c-0ubuntu2~16.04.1 finished at Mon, 25 Nov 2019 09:38:21 +0000. Datasource DataSourceNoCloud [seed=/dev/sdb][dsmode=net].  Up 17.39 seconds
[[0;32m  OK  [0m] Started Execute cloud user/final scripts.
[[0;32m  OK  [0m] Reached target Cloud-init target.

Ubuntu 16.04.6 LTS ubuntu-xenial ttyS0

ubuntu-xenial login: 